<?xml version="1.0" encoding="UTF-8"?>
<!-- Generated by org.testng.reporters.JUnitReportReporter -->
<testsuite hostname="mohammads-MBP.fios-router.home" failures="0" tests="1" name="com.orangehrm.tests.LoginPageTest" time="7.896" errors="0" timestamp="04 Dec 2018 22:32:16 GMT" skipped="0">
  <testcase classname="com.orangehrm.tests.LoginPageTest" name="VerifyLogoInMainPage" time="7.896"/>
</testsuite> <!-- com.orangehrm.tests.LoginPageTest -->
