<?xml version="1.0" encoding="UTF-8"?>
<!-- Generated by org.testng.reporters.JUnitReportReporter -->
<testsuite hostname="mohammads-MBP.lan" failures="0" tests="2" name="com.orangehrm.tests.LoginPageTest" time="4.019" errors="0" timestamp="06 Dec 2018 18:05:03 GMT" skipped="0">
  <testcase classname="com.orangehrm.tests.LoginPageTest" name="LoginWithAdminUser" time="1.970"/>
  <testcase classname="com.orangehrm.tests.LoginPageTest" name="VerifyLogoInMainPage" time="2.049"/>
</testsuite> <!-- com.orangehrm.tests.LoginPageTest -->
