<?xml version="1.0" encoding="UTF-8"?>
<!-- Generated by org.testng.reporters.JUnitReportReporter -->
<testsuite hostname="Hassanhussaeny" failures="0" tests="1" name="com.orangehrm.tests.LoginPageTest" time="5.527" errors="0" timestamp="05 Dec 2018 23:05:50 GMT" skipped="0">
  <testcase classname="com.orangehrm.tests.LoginPageTest" name="VerifyLogoInMainPage" time="5.527"/>
</testsuite> <!-- com.orangehrm.tests.LoginPageTest -->
