<?xml version="1.0" encoding="UTF-8"?>
<!-- Generated by org.testng.reporters.JUnitReportReporter -->
<testsuite hostname="mohammads-MacBook-Pro.local" failures="0" tests="2" name="com.orangehrm.tests.LoginPageTest" time="4.408" errors="0" timestamp="06 Dec 2018 23:23:55 GMT" skipped="0">
  <testcase classname="com.orangehrm.tests.LoginPageTest" name="LoginWithAdminUser" time="1.974"/>
  <testcase classname="com.orangehrm.tests.LoginPageTest" name="VerifyLogoInMainPage" time="2.434"/>
</testsuite> <!-- com.orangehrm.tests.LoginPageTest -->
