<?xml version="1.0" encoding="UTF-8"?>
<!-- Generated by org.testng.reporters.JUnitReportReporter -->
<testsuite hostname="mohammads-MacBook-Pro.local" failures="0" tests="1" name="com.orangehrm.tests.LoginPageTest" time="2.515" errors="0" timestamp="06 Dec 2018 00:30:44 GMT" skipped="0">
  <testcase classname="com.orangehrm.tests.LoginPageTest" name="VerifyLogoInMainPage" time="2.515"/>
</testsuite> <!-- com.orangehrm.tests.LoginPageTest -->
